F0208 01:48:48.191636   24479 proxy.go:158] listen tcp 220.149.13.184:9999: bind: address already in use
F0208 01:53:01.653604   26654 proxy.go:158] listen tcp 220.149.13.184:9999: bind: address already in use
Starting to serve on 220.149.13.184:9999
I0210 19:47:47.595770   26773 log.go:172] http: proxy error: context canceled
I0213 06:10:09.299028   26773 log.go:172] http: proxy error: dial tcp 220.149.13.184:6443: connect: connection refused
I0213 06:10:09.299294   26773 log.go:172] http: proxy error: dial tcp 220.149.13.184:6443: connect: connection refused
I0215 05:49:37.577054   26773 log.go:172] http: proxy error: context canceled
I0215 05:49:37.577191   26773 log.go:172] suppressing panic for copyResponse error in test; copy error: context canceled
I0215 05:49:37.577240   26773 log.go:172] http: proxy error: context canceled
I0215 05:49:37.577300   26773 log.go:172] http: proxy error: context canceled
I0215 05:49:37.577443   26773 log.go:172] http: proxy error: context canceled
I0215 05:49:37.577479   26773 log.go:172] http: proxy error: context canceled
I0215 05:49:37.577532   26773 log.go:172] http: proxy error: context canceled
I0215 05:49:37.577580   26773 log.go:172] http: proxy error: context canceled
I0215 05:49:37.577613   26773 log.go:172] http: proxy error: context canceled
I0218 07:37:29.225018   26773 log.go:172] http: proxy error: context canceled
I0218 07:37:29.233217   26773 log.go:172] http: proxy error: context canceled
I0218 07:37:29.233841   26773 log.go:172] http: proxy error: context canceled
I0218 07:37:29.233942   26773 log.go:172] http: proxy error: context canceled
I0218 07:37:29.234082   26773 log.go:172] http: proxy error: context canceled
I0218 07:37:29.234117   26773 log.go:172] http: proxy error: context canceled
I0218 07:37:29.234217   26773 log.go:172] http: proxy error: context canceled
I0218 07:37:29.234323   26773 log.go:172] http: proxy error: context canceled
I0218 07:37:29.234398   26773 log.go:172] http: proxy error: context canceled
I0218 07:37:29.234464   26773 log.go:172] http: proxy error: context canceled
I0218 07:37:29.234525   26773 log.go:172] http: proxy error: context canceled
I0218 07:37:29.234578   26773 log.go:172] http: proxy error: context canceled
I0218 07:37:29.234679   26773 log.go:172] http: proxy error: context canceled
I0218 07:37:29.234747   26773 log.go:172] http: proxy error: context canceled
I0218 07:37:29.234777   26773 log.go:172] http: proxy error: context canceled
I0218 07:37:29.234855   26773 log.go:172] http: proxy error: context canceled
I0218 07:37:29.234919   26773 log.go:172] http: proxy error: context canceled
I0218 07:37:29.234979   26773 log.go:172] http: proxy error: context canceled
I0218 07:37:29.235109   26773 log.go:172] http: proxy error: context canceled
I0218 07:37:29.235228   26773 log.go:172] http: proxy error: context canceled
I0218 07:37:29.235285   26773 log.go:172] http: proxy error: context canceled
I0218 07:37:29.235375   26773 log.go:172] http: proxy error: context canceled
I0218 07:37:29.235470   26773 log.go:172] http: proxy error: context canceled
I0218 07:37:29.235536   26773 log.go:172] http: proxy error: context canceled
I0218 07:37:29.235617   26773 log.go:172] http: proxy error: context canceled
I0218 07:37:29.235704   26773 log.go:172] http: proxy error: context canceled
I0218 07:37:29.235767   26773 log.go:172] http: proxy error: context canceled
I0218 07:37:29.235839   26773 log.go:172] http: proxy error: context canceled
I0218 07:37:29.235906   26773 log.go:172] http: proxy error: context canceled
I0218 07:37:29.235966   26773 log.go:172] http: proxy error: context canceled
I0218 07:37:29.236042   26773 log.go:172] http: proxy error: context canceled
I0218 07:37:29.236101   26773 log.go:172] http: proxy error: context canceled
I0218 07:37:29.236234   26773 log.go:172] http: proxy error: context canceled
I0218 07:37:29.236343   26773 log.go:172] http: proxy error: context canceled
I0218 07:37:29.236404   26773 log.go:172] http: proxy error: context canceled
I0218 07:37:29.236463   26773 log.go:172] http: proxy error: context canceled
I0218 07:37:29.236519   26773 log.go:172] http: proxy error: context canceled
I0218 07:37:29.236661   26773 log.go:172] http: proxy error: context canceled
I0218 07:37:29.236795   26773 log.go:172] http: proxy error: context canceled
I0218 07:37:29.237019   26773 log.go:172] http: proxy error: context canceled
I0218 07:37:29.237167   26773 log.go:172] http: proxy error: context canceled
I0218 07:37:29.237331   26773 log.go:172] http: proxy error: context canceled
I0218 07:37:29.237481   26773 log.go:172] http: proxy error: context canceled
I0218 07:37:29.237644   26773 log.go:172] http: proxy error: context canceled
I0218 07:37:29.237846   26773 log.go:172] http: proxy error: context canceled
I0218 07:37:29.238049   26773 log.go:172] http: proxy error: context canceled
I0218 07:37:29.238235   26773 log.go:172] http: proxy error: context canceled
I0218 07:37:29.238431   26773 log.go:172] http: proxy error: context canceled
I0218 07:37:29.238578   26773 log.go:172] http: proxy error: context canceled
I0218 07:37:29.238774   26773 log.go:172] http: proxy error: context canceled
I0218 07:37:29.238923   26773 log.go:172] http: proxy error: context canceled
I0218 07:37:29.239062   26773 log.go:172] http: proxy error: context canceled
I0218 07:37:29.239208   26773 log.go:172] http: proxy error: context canceled
I0218 07:37:29.239374   26773 log.go:172] http: proxy error: context canceled
I0218 07:37:29.239528   26773 log.go:172] http: proxy error: context canceled
I0218 07:37:29.239670   26773 log.go:172] http: proxy error: context canceled
I0218 07:37:29.239825   26773 log.go:172] http: proxy error: context canceled
I0218 07:37:29.239942   26773 log.go:172] http: proxy error: context canceled
I0218 07:37:29.240052   26773 log.go:172] http: proxy error: context canceled
I0218 07:37:29.240200   26773 log.go:172] http: proxy error: context canceled
I0218 07:37:29.240388   26773 log.go:172] http: proxy error: context canceled
I0218 07:37:29.240529   26773 log.go:172] http: proxy error: context canceled
I0218 07:37:29.240665   26773 log.go:172] http: proxy error: context canceled
I0218 07:37:29.240863   26773 log.go:172] http: proxy error: context canceled
I0218 07:37:29.240989   26773 log.go:172] http: proxy error: context canceled
I0218 07:37:29.241102   26773 log.go:172] http: proxy error: context canceled
I0218 07:37:29.241262   26773 log.go:172] http: proxy error: context canceled
I0218 07:37:29.241380   26773 log.go:172] http: proxy error: context canceled
I0218 07:37:29.241503   26773 log.go:172] http: proxy error: context canceled
I0218 07:37:29.242003   26773 log.go:172] http: proxy error: context canceled
I0218 07:37:29.242214   26773 log.go:172] http: proxy error: context canceled
I0218 07:37:29.242332   26773 log.go:172] http: proxy error: context canceled
I0218 07:37:29.242413   26773 log.go:172] http: proxy error: context canceled
I0218 07:37:29.242591   26773 log.go:172] http: proxy error: context canceled
I0218 07:37:29.242650   26773 log.go:172] http: proxy error: context canceled
I0218 07:37:29.242740   26773 log.go:172] http: proxy error: context canceled
I0218 07:37:29.242790   26773 log.go:172] http: proxy error: context canceled
I0218 07:37:29.242824   26773 log.go:172] http: proxy error: context canceled
I0218 07:37:29.242894   26773 log.go:172] http: proxy error: context canceled
I0218 07:37:29.242955   26773 log.go:172] http: proxy error: context canceled
I0218 07:37:29.242999   26773 log.go:172] http: proxy error: context canceled
I0218 07:37:29.243071   26773 log.go:172] http: proxy error: context canceled
I0218 07:37:29.243142   26773 log.go:172] http: proxy error: context canceled
I0218 07:37:29.243224   26773 log.go:172] http: proxy error: context canceled
I0218 07:37:29.243274   26773 log.go:172] http: proxy error: context canceled
I0218 07:37:29.243317   26773 log.go:172] http: proxy error: context canceled
I0218 07:37:29.243380   26773 log.go:172] http: proxy error: context canceled
I0218 07:37:29.243425   26773 log.go:172] http: proxy error: context canceled
I0218 07:37:29.243506   26773 log.go:172] http: proxy error: context canceled
I0218 07:37:29.243603   26773 log.go:172] http: proxy error: context canceled
I0218 07:37:29.243722   26773 log.go:172] http: proxy error: context canceled
I0218 07:37:29.243838   26773 log.go:172] http: proxy error: context canceled
I0218 07:37:29.243902   26773 log.go:172] http: proxy error: context canceled
I0218 07:37:29.243948   26773 log.go:172] http: proxy error: context canceled
I0218 07:37:29.243991   26773 log.go:172] http: proxy error: context canceled
I0218 07:37:29.244027   26773 log.go:172] http: proxy error: context canceled
I0218 07:37:29.244181   26773 log.go:172] http: proxy error: context canceled
I0218 07:37:29.244278   26773 log.go:172] http: proxy error: context canceled
I0218 07:37:29.244353   26773 log.go:172] http: proxy error: context canceled
I0218 07:37:29.244419   26773 log.go:172] http: proxy error: context canceled
I0218 07:37:29.244464   26773 log.go:172] http: proxy error: context canceled
I0218 07:37:29.244508   26773 log.go:172] http: proxy error: context canceled
I0218 07:37:29.244576   26773 log.go:172] http: proxy error: context canceled
I0218 07:37:29.244700   26773 log.go:172] http: proxy error: context canceled
I0218 07:37:29.244854   26773 log.go:172] http: proxy error: context canceled
I0218 07:37:29.244922   26773 log.go:172] http: proxy error: context canceled
I0218 07:37:29.244979   26773 log.go:172] http: proxy error: context canceled
I0218 07:37:29.245024   26773 log.go:172] http: proxy error: context canceled
I0218 07:37:29.245075   26773 log.go:172] http: proxy error: context canceled
I0218 07:37:29.245158   26773 log.go:172] http: proxy error: context canceled
I0218 07:37:29.245213   26773 log.go:172] suppressing panic for copyResponse error in test; copy error: context canceled
I0218 07:37:29.245347   26773 log.go:172] suppressing panic for copyResponse error in test; copy error: context canceled
I0218 07:37:29.245455   26773 log.go:172] suppressing panic for copyResponse error in test; copy error: context canceled
I0218 07:37:29.245622   26773 log.go:172] suppressing panic for copyResponse error in test; copy error: context canceled
I0218 07:37:29.245792   26773 log.go:172] suppressing panic for copyResponse error in test; copy error: context canceled
I0218 07:37:29.245986   26773 log.go:172] suppressing panic for copyResponse error in test; copy error: context canceled
I0218 07:37:29.246389   26773 log.go:172] suppressing panic for copyResponse error in test; copy error: context canceled
I0218 07:37:29.246486   26773 log.go:172] suppressing panic for copyResponse error in test; copy error: context canceled
I0218 07:37:29.246503   26773 log.go:172] suppressing panic for copyResponse error in test; copy error: context canceled
I0218 07:37:29.246521   26773 log.go:172] suppressing panic for copyResponse error in test; copy error: context canceled
Starting to serve on 220.149.13.184:9999
F0222 03:35:46.681860   30172 proxy.go:158] listen tcp 220.149.13.184:9999: bind: address already in use
Starting to serve on 220.149.13.184:9999
Starting to serve on 220.149.13.184:9999
Starting to serve on 127.0.0.1:9999
Starting to serve on 127.0.0.1:8001
Starting to serve on 127.0.0.1:8001
